<?xml version="1.0" encoding="utf-8"?><testsuites name="pytest tests"><testsuite name="pytest" errors="0" failures="0" skipped="0" tests="21" time="53.254" timestamp="2026-05-13T17:25:46.028690+05:30" hostname="LAPTOP-J3F994N2"><properties><property name="hypothesis-statistics-tests/test_property.py::test_node_roundtrip_hypothesis" value="dGVzdHMvdGVzdF9wcm9wZXJ0eS5weTo6dGVzdF9ub2RlX3JvdW5kdHJpcF9oeXBvdGhlc2lzOgoKICAtIGR1cmluZyBnZW5lcmF0ZSBwaGFzZSAoMy40MyBzZWNvbmRzKToKICAgIC0gVHlwaWNhbCBydW50aW1lczogfiAxMC0xMDQgbXMsIG9mIHdoaWNoIH4gMC00IG1zIGluIGRhdGEgZ2VuZXJhdGlvbgogICAgLSA1MCBwYXNzaW5nIGV4YW1wbGVzLCAwIGZhaWxpbmcgZXhhbXBsZXMsIDMgaW52YWxpZCBleGFtcGxlcwoKICAtIFN0b3BwZWQgYmVjYXVzZSBzZXR0aW5ncy5tYXhfZXhhbXBsZXM9NTA=" /><property name="hypothesis-statistics-tests/test_property.py::test_edge_hypothesis" value="dGVzdHMvdGVzdF9wcm9wZXJ0eS5weTo6dGVzdF9lZGdlX2h5cG90aGVzaXM6CgogIC0gZHVyaW5nIGdlbmVyYXRlIHBoYXNlICgyLjk4IHNlY29uZHMpOgogICAgLSBUeXBpY2FsIHJ1bnRpbWVzOiB+IDQxLTc5IG1zLCBvZiB3aGljaCA8IDFtcyBpbiBkYXRhIGdlbmVyYXRpb24KICAgIC0gNTAgcGFzc2luZyBleGFtcGxlcywgMCBmYWlsaW5nIGV4YW1wbGVzLCAwIGludmFsaWQgZXhhbXBsZXMKCiAgLSBTdG9wcGVkIGJlY2F1c2Ugc2V0dGluZ3MubWF4X2V4YW1wbGVzPTUw" /></properties><testcase classname="tests.test_unit" name="test_add_get_node" time="0.089" /><testcase classname="tests.test_unit" name="test_embedding_quantization" time="0.067" /><testcase classname="tests.test_unit" name="test_edge_operations" time="0.067" /><testcase classname="tests.test_unit" name="test_duplicate_prevention" time="0.079" /><testcase classname="tests.test_unit" name="test_invalid_embedding_dimension" time="0.052" /><testcase classname="tests.test_unit" name="test_errors_importable" time="0.003" /><testcase classname="tests.test_integration" name="test_full_workflow" time="0.927" /><testcase classname="tests.test_integration" name="test_neighbors_and_edges_integration" time="0.128" /><testcase classname="tests.test_integration" name="test_checkpoint_roundtrip" time="0.414" /><testcase classname="tests.test_contract" name="test_class_names" time="0.071" /><testcase classname="tests.test_contract" name="test_required_methods_exist" time="0.067" /><testcase classname="tests.test_contract" name="test_method_signatures" time="0.054" /><testcase classname="tests.test_contract" name="test_dataclass_models_exist" time="0.000" /><testcase classname="tests.test_property" name="test_node_roundtrip_property_manual" time="0.048" /><testcase classname="tests.test_property" name="test_edge_property_manual" time="0.068" /><testcase classname="tests.test_property" name="test_node_roundtrip_hypothesis" time="3.501" /><testcase classname="tests.test_property" name="test_edge_hypothesis" time="2.985" /><testcase classname="tests.test_performance" name="test_scale_insertion" time="18.398" /><testcase classname="tests.test_performance" name="test_get_neighbors_speed" time="0.591" /><testcase classname="tests.test_performance" name="test_similarity_search_speed" time="5.222" /><testcase classname="tests.test_performance" name="test_memory_usage" time="19.530" /></testsuite></testsuites>