<?xml version="1.0" encoding="utf-8"?><testsuites name="pytest tests"><testsuite name="pytest" errors="0" failures="0" skipped="4" tests="94" time="20.062" timestamp="2026-05-13T17:24:20.915497+05:30" hostname="LAPTOP-J3F994N2"><testcase classname="tests.test_all.TestStorageBackends" name="test_init_backend[memory_only]" time="0.059" /><testcase classname="tests.test_all.TestStorageBackends" name="test_init_backend[sharded_disk]" time="0.043" /><testcase classname="tests.test_all.TestStorageBackends" name="test_crud_nodes[memory_only]" time="0.058" /><testcase classname="tests.test_all.TestStorageBackends" name="test_crud_nodes[sharded_disk]" time="0.075" /><testcase classname="tests.test_all.TestStorageBackends" name="test_crud_edges[memory_only]" time="0.097" /><testcase classname="tests.test_all.TestStorageBackends" name="test_crud_edges[sharded_disk]" time="0.068" /><testcase classname="tests.test_all.TestStorageBackends" name="test_iter_nodes_edges[memory_only]" time="0.089" /><testcase classname="tests.test_all.TestStorageBackends" name="test_iter_nodes_edges[sharded_disk]" time="0.194" /><testcase classname="tests.test_all.TestStorageBackends" name="test_reset_clears_all[memory_only]" time="0.062" /><testcase classname="tests.test_all.TestStorageBackends" name="test_reset_clears_all[sharded_disk]" time="0.068" /><testcase classname="tests.test_all.TestStorageBackends" name="test_checkpoint_roundtrip[memory_only]" time="0.116" /><testcase classname="tests.test_all.TestStorageBackends" name="test_checkpoint_roundtrip[sharded_disk]" time="0.274" /><testcase classname="tests.test_all.TestStorageBackends" name="test_edge_indexes_consistency[memory_only]" time="0.074" /><testcase classname="tests.test_all.TestStorageBackends" name="test_edge_indexes_consistency[sharded_disk]" time="0.062" /><testcase classname="tests.test_all.TestShardedDiskStoreSpecifics" name="test_shard_assignment_distribution" time="0.106" /><testcase classname="tests.test_all.TestShardedDiskStoreSpecifics" name="test_shard_overflow" time="0.010" /><testcase classname="tests.test_all.TestShardedDiskStoreSpecifics" name="test_all_shards_full_raises" time="0.003" /><testcase classname="tests.test_all.TestShardedDiskStoreSpecifics" name="test_shard_corrupted_record" time="1.808" /><testcase classname="tests.test_all.TestShardedDiskStoreSpecifics" name="test_meta_persistence" time="0.038" /><testcase classname="tests.test_all.TestShardedDiskStoreSpecifics" name="test_node_binary_roundtrip" time="0.010" /><testcase classname="tests.test_all.TestShardedDiskStoreSpecifics" name="test_edge_binary_roundtrip" time="0.007" /><testcase classname="tests.test_all.TestLmdbStoreSpecifics" name="test_lmdb_init_custom_map_size" time="0.003"><skipped type="pytest.skip" message="lmdb package not installed">D:\PG\glm_x_code-graph_component\tests\test_all.py:290: lmdb package not installed</skipped></testcase><testcase classname="tests.test_all.TestLmdbStoreSpecifics" name="test_lmdb_reset_drops_databases" time="0.000"><skipped type="pytest.skip" message="lmdb package not installed">D:\PG\glm_x_code-graph_component\tests\test_all.py:299: lmdb package not installed</skipped></testcase><testcase classname="tests.test_all.TestLmdbStoreSpecifics" name="test_lmdb_concurrent_transactions" time="0.000"><skipped type="pytest.skip" message="lmdb package not installed">D:\PG\glm_x_code-graph_component\tests\test_all.py:310: lmdb package not installed</skipped></testcase><testcase classname="tests.test_all.TestCache" name="test_nocache_always_returns_none" time="0.001" /><testcase classname="tests.test_all.TestCache" name="test_lru_cache_eviction" time="0.001" /><testcase classname="tests.test_all.TestCache" name="test_lru_cache_move_to_end_on_get" time="0.001" /><testcase classname="tests.test_all.TestCache" name="test_lru_cache_clear" time="0.001" /><testcase classname="tests.test_all.TestCache" name="test_lru_cache_size_accounting" time="0.002" /><testcase classname="tests.test_all.TestCache" name="test_arc_cache_t1_to_t2_promotion" time="0.002" /><testcase classname="tests.test_all.TestCache" name="test_arc_cache_clear" time="0.001" /><testcase classname="tests.test_all.TestCache" name="test_arc_cache_ghost_list_adaptation" time="0.001" /><testcase classname="tests.test_all.TestCache" name="test_build_cache_unknown_raises" time="0.002" /><testcase classname="tests.test_all.TestMarkovPrefetcher" name="test_records_transitions" time="0.019" /><testcase classname="tests.test_all.TestMarkovPrefetcher" name="test_predict_next_top_k" time="0.006" /><testcase classname="tests.test_all.TestMarkovPrefetcher" name="test_no_prediction_when_history_short" time="0.002" /><testcase classname="tests.test_all.TestMarkovPrefetcher" name="test_no_prediction_on_unseen_transition" time="0.001" /><testcase classname="tests.test_all.TestMarkovPrefetcher" name="test_shutdown_stops_executor" time="0.000" /><testcase classname="tests.test_all.TestMarkovPrefetcher" name="test_prefetch_triggers_fetch_fn" time="0.102" /><testcase classname="tests.test_all.TestMarkovPrefetcher" name="test_concurrent_record_calls" time="0.007" /><testcase classname="tests.test_all.TestSerializer" name="test_none_compression_roundtrip" time="0.003" /><testcase classname="tests.test_all.TestSerializer" name="test_lz4_compression_roundtrip" time="0.003" /><testcase classname="tests.test_all.TestSerializer" name="test_zstd_compression_roundtrip" time="0.000"><skipped type="pytest.skip" message="zstandard not installed">D:\PG\glm_x_code-graph_component\tests\test_all.py:490: zstandard not installed</skipped></testcase><testcase classname="tests.test_all.TestSerializer" name="test_unknown_compression_raises" time="0.002" /><testcase classname="tests.test_all.TestSerializer" name="test_unavailable_lz4_raises" time="0.026" /><testcase classname="tests.test_all.TestUtils" name="test_quantize_float32_to_int8_roundtrip" time="0.007" /><testcase classname="tests.test_all.TestUtils" name="test_quantize_int8_passthrough" time="0.001" /><testcase classname="tests.test_all.TestUtils" name="test_quantize_rejects_non_float_non_int8" time="0.000" /><testcase classname="tests.test_all.TestUtils" name="test_dequantize_rejects_non_int8" time="0.000" /><testcase classname="tests.test_all.TestUtils" name="test_quantize_wrong_shape_raises" time="0.000" /><testcase classname="tests.test_all.TestUtils" name="test_cosine_similarity_identical" time="0.002" /><testcase classname="tests.test_all.TestUtils" name="test_cosine_similarity_orthogonal" time="0.001" /><testcase classname="tests.test_all.TestUtils" name="test_cosine_similarity_opposite" time="0.001" /><testcase classname="tests.test_all.TestUtils" name="test_cosine_similarity_zero_vector" time="0.002" /><testcase classname="tests.test_all.TestUtils" name="test_cosine_similarity_mismatched_shapes" time="0.001" /><testcase classname="tests.test_all.TestUtils" name="test_validate_label" time="0.001" /><testcase classname="tests.test_all.TestUtils" name="test_validate_node_type" time="0.000" /><testcase classname="tests.test_all.TestGraphStoreEdgeCases" name="test_add_node_clamps_activation_below_min" time="0.061" /><testcase classname="tests.test_all.TestGraphStoreEdgeCases" name="test_add_node_clamps_activation_above_max" time="0.044" /><testcase classname="tests.test_all.TestGraphStoreEdgeCases" name="test_get_node_increments_use_count" time="0.074" /><testcase classname="tests.test_all.TestGraphStoreEdgeCases" name="test_get_node_caches_after_storage_read" time="0.073" /><testcase classname="tests.test_all.TestGraphStoreEdgeCases" name="test_add_edge_auto_registers_relation" time="0.062" /><testcase classname="tests.test_all.TestGraphStoreEdgeCases" name="test_add_edge_relation_limit_exhausted" time="0.064" /><testcase classname="tests.test_all.TestGraphStoreEdgeCases" name="test_update_edge_weights_nonexistent_raises" time="0.040" /><testcase classname="tests.test_all.TestGraphStoreEdgeCases" name="test_get_neighbors_no_neighbors" time="0.057" /><testcase classname="tests.test_all.TestGraphStoreEdgeCases" name="test_get_neighbors_empty_filter_returns_all" time="0.111" /><testcase classname="tests.test_all.TestGraphStoreEdgeCases" name="test_get_subgraph_activated_empty_seeds" time="0.066" /><testcase classname="tests.test_all.TestGraphStoreEdgeCases" name="test_get_subgraph_activated_max_nodes_boundary" time="0.086" /><testcase classname="tests.test_all.TestGraphStoreEdgeCases" name="test_get_subgraph_activated_skips_low_activation" time="0.072" /><testcase classname="tests.test_all.TestGraphStoreEdgeCases" name="test_similarity_search_top_k" time="0.372" /><testcase classname="tests.test_all.TestGraphStoreEdgeCases" name="test_similarity_search_fewer_nodes_than_k" time="0.108" /><testcase classname="tests.test_all.TestGraphStoreEdgeCases" name="test_prune_removes_dangling_edges" time="0.147" /><testcase classname="tests.test_all.TestGraphStoreEdgeCases" name="test_prune_clears_caches" time="0.086" /><testcase classname="tests.test_all.TestGraphStoreEdgeCases" name="test_prune_empty_store_returns_zero" time="0.170" /><testcase classname="tests.test_all.TestGraphStoreEdgeCases" name="test_save_checkpoint_empty_store" time="0.055" /><testcase classname="tests.test_all.TestGraphStoreEdgeCases" name="test_validate_embedding_wrong_dim_raises" time="0.061" /><testcase classname="tests.test_all.TestGraphStoreEdgeCases" name="test_add_edge_updates_frequency" time="0.079" /><testcase classname="tests.test_all.TestGraphStoreEdgeCases" name="test_add_node_duplicate_returns_false" time="0.056" /><testcase classname="tests.test_all.TestGraphStoreEdgeCases" name="test_get_node_nonexistent_returns_none" time="0.049" /><testcase classname="tests.test_all.TestGraphStoreEdgeCases" name="test_update_node_embedding_nonexistent_raises" time="0.030" /><testcase classname="tests.test_all.TestGraphStoreEdgeCases" name="test_similarity_search_edges_subgraph_only" time="0.089" /><testcase classname="tests.test_all.TestThreadSafety" name="test_concurrent_add_node" time="5.450" /><testcase classname="tests.test_all.TestThreadSafety" name="test_concurrent_get_and_update" time="2.495" /><testcase classname="tests.test_all.TestThreadSafety" name="test_concurrent_add_edge_and_neighbors" time="0.259" /><testcase classname="tests.test_all.TestBackup" name="test_backup_thread_starts_when_enabled" time="1.557" /><testcase classname="tests.test_all.TestBackup" name="test_backup_rotation_keeps_last_n" time="2.589" /><testcase classname="tests.test_all.TestBackup" name="test_backup_disabled_no_thread" time="0.081" /><testcase classname="tests.test_all.TestConfigInit" name="test_default_config_path" time="0.052" /><testcase classname="tests.test_all.TestConfigInit" name="test_missing_config_file_raises" time="0.001" /><testcase classname="tests.test_all.TestConfigInit" name="test_unknown_backend_raises" time="0.041" /><testcase classname="tests.test_all.TestConfigInit" name="test_close_shuts_down_prefetcher" time="0.044" /><testcase classname="tests.test_all.TestRecovery" name="test_load_checkpoint_restores_all_data" time="0.291" /><testcase classname="tests.test_all.TestRecovery" name="test_load_checkpoint_restores_relation_registry" time="0.179" /><testcase classname="tests.test_all.TestRecovery" name="test_load_checkpoint_preserves_edge_indexes" time="0.360" /></testsuite></testsuites>